---Part B Optimiser---
Log created at: 00-36-51--2018-10-26
Created by Jamie on JAMIE-DESKTOP
Computer: JAMIE-DESKTOP
OS: Windows_NT
Processors: 4
Threads: 4
Negative Ct found: Ct=-0.000003, a=0.031256, adash=-0.000000 Calling function: WTInducedCalcs(0.000000, 0.000000, 5.000000, 3.141593, 11.500000, 0.129154, 1.000000, 3.000000)
Negative Ct found: Ct=-0.000641, a=0.030471, adash=-0.000049 Calling function: WTInducedCalcs(0.000000, 0.000000, 5.000000, 3.141593, 12.500000, 0.122173, 1.000000, 3.000000)
S1 adash Limit Reached: a=0.021974, adash=-0.000228 Calling function: WTInducedCalcs(0.000000, 0.000000, 5.000000, 3.141593, 12.500000, 0.122173, 1.000000, 3.000000)
S1 Loop Limit Reached: a=0.021974, adash=0.000000 Calling function: WTInducedCalcs(0.000000, 0.000000, 5.000000, 3.141593, 12.500000, 0.122173, 1.000000, 3.000000)
Negative Ct found: Ct=-0.003052, a=0.022663, adash=-0.000232 Calling function: WTInducedCalcs(0.000000, 0.000000, 5.000000, 3.141593, 13.500000, 0.115192, 1.000000, 3.000000)
S1 adash Limit Reached: a=0.016143, adash=-0.000346 Calling function: WTInducedCalcs(0.000000, 0.000000, 5.000000, 3.141593, 13.500000, 0.115192, 1.000000, 3.000000)
S1 Loop Limit Reached: a=0.016143, adash=0.000000 Calling function: WTInducedCalcs(0.000000, 0.000000, 5.000000, 3.141593, 13.500000, 0.115192, 1.000000, 3.000000)
Negative Ct found: Ct=-0.004261, a=0.018327, adash=-0.000323 Calling function: WTInducedCalcs(0.000000, 0.000000, 5.000000, 3.141593, 14.500000, 0.108210, 1.000000, 3.000000)
S1 adash Limit Reached: a=0.012965, adash=-0.000404 Calling function: WTInducedCalcs(0.000000, 0.000000, 5.000000, 3.141593, 14.500000, 0.108210, 1.000000, 3.000000)
S1 Loop Limit Reached: a=0.012965, adash=0.000000 Calling function: WTInducedCalcs(0.000000, 0.000000, 5.000000, 3.141593, 14.500000, 0.108210, 1.000000, 3.000000)
Negative Ct found: Ct=-0.004645, a=0.017557, adash=-0.000352 Calling function: WTInducedCalcs(0.000000, 0.000000, 5.000000, 3.141593, 15.500000, 0.101229, 1.000000, 3.000000)
S1 adash Limit Reached: a=0.012403, adash=-0.000420 Calling function: WTInducedCalcs(0.000000, 0.000000, 5.000000, 3.141593, 15.500000, 0.101229, 1.000000, 3.000000)
S1 Loop Limit Reached: a=0.012403, adash=0.000000 Calling function: WTInducedCalcs(0.000000, 0.000000, 5.000000, 3.141593, 15.500000, 0.101229, 1.000000, 3.000000)
Negative Ct found: Ct=-0.004461, a=0.020375, adash=-0.000338 Calling function: WTInducedCalcs(0.000000, 0.000000, 5.000000, 3.141593, 16.500000, 0.094248, 1.000000, 3.000000)
S1 adash Limit Reached: a=0.014453, adash=-0.000409 Calling function: WTInducedCalcs(0.000000, 0.000000, 5.000000, 3.141593, 16.500000, 0.094248, 1.000000, 3.000000)
S1 Loop Limit Reached: a=0.014453, adash=0.000000 Calling function: WTInducedCalcs(0.000000, 0.000000, 5.000000, 3.141593, 16.500000, 0.094248, 1.000000, 3.000000)
Negative Ct found: Ct=-0.003884, a=0.026720, adash=-0.000294 Calling function: WTInducedCalcs(0.000000, 0.000000, 5.000000, 3.141593, 17.500000, 0.087266, 1.000000, 3.000000)
S1 adash Limit Reached: a=0.019136, adash=-0.000379 Calling function: WTInducedCalcs(0.000000, 0.000000, 5.000000, 3.141593, 17.500000, 0.087266, 1.000000, 3.000000)
S1 Loop Limit Reached: a=0.019136, adash=0.000000 Calling function: WTInducedCalcs(0.000000, 0.000000, 5.000000, 3.141593, 17.500000, 0.087266, 1.000000, 3.000000)
Negative Ct found: Ct=-0.003059, a=0.036461, adash=-0.000231 Calling function: WTInducedCalcs(0.000000, 0.000000, 5.000000, 3.141593, 18.500000, 0.080285, 1.000000, 3.000000)
S1 adash Limit Reached: a=0.026507, adash=-0.000336 Calling function: WTInducedCalcs(0.000000, 0.000000, 5.000000, 3.141593, 18.500000, 0.080285, 1.000000, 3.000000)
S1 Loop Limit Reached: a=0.026507, adash=0.000000 Calling function: WTInducedCalcs(0.000000, 0.000000, 5.000000, 3.141593, 18.500000, 0.080285, 1.000000, 3.000000)
Negative Ct found: Ct=-0.002101, a=0.049397, adash=-0.000159 Calling function: WTInducedCalcs(0.000000, 0.000000, 5.000000, 3.141593, 19.500000, 0.073304, 1.000000, 3.000000)
S1 adash Limit Reached: a=0.036652, adash=-0.000288 Calling function: WTInducedCalcs(0.000000, 0.000000, 5.000000, 3.141593, 19.500000, 0.073304, 1.000000, 3.000000)
S1 Loop Limit Reached: a=0.036652, adash=0.000000 Calling function: WTInducedCalcs(0.000000, 0.000000, 5.000000, 3.141593, 19.500000, 0.073304, 1.000000, 3.000000)
S1 adash Limit Reached: a=0.185198, adash=0.046268 Calling function: WTInducedCalcs(0.000000, 0.000000, 5.000000, 3.141593, 2.500000, 0.235133, 1.000000, 3.000000)
S1 Loop Limit Reached: a=0.153861, adash=0.000000 Calling function: WTInducedCalcs(0.000000, 0.000000, 5.000000, 3.141593, 2.500000, 0.235133, 1.000000, 3.000000)
Negative Ct found: Ct=-0.009977, a=-0.004210, adash=-0.000774 Calling function: WTInducedCalcs(0.000000, 0.000000, 5.000000, 3.141593, 8.500000, 0.193245, 1.000000, 3.000000)
S1 adash Limit Reached: a=-0.004210, adash=-0.000774 Calling function: WTInducedCalcs(0.000000, 0.000000, 5.000000, 3.141593, 8.500000, 0.193245, 1.000000, 3.000000)
S1 Loop Limit Reached: a=-0.004210, adash=0.000000 Calling function: WTInducedCalcs(0.000000, 0.000000, 5.000000, 3.141593, 8.500000, 0.193245, 1.000000, 3.000000)
Negative Ct found: Ct=-0.021862, a=-0.038943, adash=-0.001683 Calling function: WTInducedCalcs(0.000000, 0.000000, 5.000000, 3.141593, 9.500000, 0.186264, 1.000000, 3.000000)
S1 adash Limit Reached: a=-0.038943, adash=-0.001683 Calling function: WTInducedCalcs(0.000000, 0.000000, 5.000000, 3.141593, 9.500000, 0.186264, 1.000000, 3.000000)
S1 Loop Limit Reached: a=-0.038943, adash=0.000000 Calling function: WTInducedCalcs(0.000000, 0.000000, 5.000000, 3.141593, 9.500000, 0.186264, 1.000000, 3.000000)
Negative Ct found: Ct=-0.028369, a=-0.072513, adash=-0.002172 Calling function: WTInducedCalcs(0.000000, 0.000000, 5.000000, 3.141593, 10.500000, 0.179283, 1.000000, 3.000000)
S1 adash Limit Reached: a=-0.072513, adash=-0.002172 Calling function: WTInducedCalcs(0.000000, 0.000000, 5.000000, 3.141593, 10.500000, 0.179283, 1.000000, 3.000000)
S1 Loop Limit Reached: a=-0.072513, adash=0.000000 Calling function: WTInducedCalcs(0.000000, 0.000000, 5.000000, 3.141593, 10.500000, 0.179283, 1.000000, 3.000000)
Negative Ct found: Ct=-0.032127, a=-0.104701, adash=-0.002450 Calling function: WTInducedCalcs(0.000000, 0.000000, 5.000000, 3.141593, 11.500000, 0.172301, 1.000000, 3.000000)
S1 adash Limit Reached: a=-0.104701, adash=-0.002450 Calling function: WTInducedCalcs(0.000000, 0.000000, 5.000000, 3.141593, 11.500000, 0.172301, 1.000000, 3.000000)
S1 Loop Limit Reached: a=-0.104701, adash=0.000000 Calling function: WTInducedCalcs(0.000000, 0.000000, 5.000000, 3.141593, 11.500000, 0.172301, 1.000000, 3.000000)
Negative Ct found: Ct=-0.034574, a=-0.138900, adash=-0.002628 Calling function: WTInducedCalcs(0.000000, 0.000000, 5.000000, 3.141593, 12.500000, 0.165320, 1.000000, 3.000000)
S1 adash Limit Reached: a=-0.138900, adash=-0.002628 Calling function: WTInducedCalcs(0.000000, 0.000000, 5.000000, 3.141593, 12.500000, 0.165320, 1.000000, 3.000000)
S1 Loop Limit Reached: a=-0.138900, adash=0.000000 Calling function: WTInducedCalcs(0.000000, 0.000000, 5.000000, 3.141593, 12.500000, 0.165320, 1.000000, 3.000000)
Negative Ct found: Ct=-0.035510, a=-0.171846, adash=-0.002693 Calling function: WTInducedCalcs(0.000000, 0.000000, 5.000000, 3.141593, 13.500000, 0.158339, 1.000000, 3.000000)
S1 adash Limit Reached: a=-0.171846, adash=-0.002693 Calling function: WTInducedCalcs(0.000000, 0.000000, 5.000000, 3.141593, 13.500000, 0.158339, 1.000000, 3.000000)
S1 Loop Limit Reached: a=-0.171846, adash=0.000000 Calling function: WTInducedCalcs(0.000000, 0.000000, 5.000000, 3.141593, 13.500000, 0.158339, 1.000000, 3.000000)
Negative Ct found: Ct=-0.034918, a=-0.198436, adash=-0.002643 Calling function: WTInducedCalcs(0.000000, 0.000000, 5.000000, 3.141593, 14.500000, 0.151357, 1.000000, 3.000000)
S1 adash Limit Reached: a=-0.198436, adash=-0.002643 Calling function: WTInducedCalcs(0.000000, 0.000000, 5.000000, 3.141593, 14.500000, 0.151357, 1.000000, 3.000000)
S1 Loop Limit Reached: a=-0.198436, adash=0.000000 Calling function: WTInducedCalcs(0.000000, 0.000000, 5.000000, 3.141593, 14.500000, 0.151357, 1.000000, 3.000000)
Negative Ct found: Ct=-0.033316, a=-0.217658, adash=-0.002519 Calling function: WTInducedCalcs(0.000000, 0.000000, 5.000000, 3.141593, 15.500000, 0.144376, 1.000000, 3.000000)
S1 adash Limit Reached: a=-0.217658, adash=-0.002519 Calling function: WTInducedCalcs(0.000000, 0.000000, 5.000000, 3.141593, 15.500000, 0.144376, 1.000000, 3.000000)
S1 Loop Limit Reached: a=-0.217658, adash=0.000000 Calling function: WTInducedCalcs(0.000000, 0.000000, 5.000000, 3.141593, 15.500000, 0.144376, 1.000000, 3.000000)
Negative Ct found: Ct=-0.031048, a=-0.228734, adash=-0.002345 Calling function: WTInducedCalcs(0.000000, 0.000000, 5.000000, 3.141593, 16.500000, 0.137395, 1.000000, 3.000000)
S1 adash Limit Reached: a=-0.228734, adash=-0.002345 Calling function: WTInducedCalcs(0.000000, 0.000000, 5.000000, 3.141593, 16.500000, 0.137395, 1.000000, 3.000000)
S1 Loop Limit Reached: a=-0.228734, adash=0.000000 Calling function: WTInducedCalcs(0.000000, 0.000000, 5.000000, 3.141593, 16.500000, 0.137395, 1.000000, 3.000000)
Negative Ct found: Ct=-0.028345, a=-0.231197, adash=-0.002139 Calling function: WTInducedCalcs(0.000000, 0.000000, 5.000000, 3.141593, 17.500000, 0.130413, 1.000000, 3.000000)
S1 adash Limit Reached: a=-0.231197, adash=-0.002139 Calling function: WTInducedCalcs(0.000000, 0.000000, 5.000000, 3.141593, 17.500000, 0.130413, 1.000000, 3.000000)
S1 Loop Limit Reached: a=-0.231197, adash=0.000000 Calling function: WTInducedCalcs(0.000000, 0.000000, 5.000000, 3.141593, 17.500000, 0.130413, 1.000000, 3.000000)
Negative Ct found: Ct=-0.025475, a=-0.226607, adash=-0.001921 Calling function: WTInducedCalcs(0.000000, 0.000000, 5.000000, 3.141593, 18.500000, 0.123432, 1.000000, 3.000000)
S1 adash Limit Reached: a=-0.226607, adash=-0.001921 Calling function: WTInducedCalcs(0.000000, 0.000000, 5.000000, 3.141593, 18.500000, 0.123432, 1.000000, 3.000000)
S1 Loop Limit Reached: a=-0.226607, adash=0.000000 Calling function: WTInducedCalcs(0.000000, 0.000000, 5.000000, 3.141593, 18.500000, 0.123432, 1.000000, 3.000000)
Negative Ct found: Ct=-0.023259, a=-0.224304, adash=-0.001753 Calling function: WTInducedCalcs(0.000000, 0.000000, 5.000000, 3.141593, 19.500000, 0.116451, 1.000000, 3.000000)
S1 adash Limit Reached: a=-0.224304, adash=-0.001753 Calling function: WTInducedCalcs(0.000000, 0.000000, 5.000000, 3.141593, 19.500000, 0.116451, 1.000000, 3.000000)
S1 Loop Limit Reached: a=-0.224304, adash=0.000000 Calling function: WTInducedCalcs(0.000000, 0.000000, 5.000000, 3.141593, 19.500000, 0.116451, 1.000000, 3.000000)
Negative Ct found: Ct=-0.001355, a=0.012156, adash=-0.000087 Calling function: WTInducedCalcs(0.000000, 0.000000, 6.000000, 3.141593, 10.500000, 0.179283, 1.000000, 3.000000)
S1 adash Limit Reached: a=0.009018, adash=-0.000206 Calling function: WTInducedCalcs(0.000000, 0.000000, 6.000000, 3.141593, 10.500000, 0.179283, 1.000000, 3.000000)
S1 Loop Limit Reached: a=0.009018, adash=0.000000 Calling function: WTInducedCalcs(0.000000, 0.000000, 6.000000, 3.141593, 10.500000, 0.179283, 1.000000, 3.000000)
Negative Ct found: Ct=-0.010445, a=-0.006256, adash=-0.000670 Calling function: WTInducedCalcs(0.000000, 0.000000, 6.000000, 3.141593, 11.500000, 0.172301, 1.000000, 3.000000)
S1 adash Limit Reached: a=-0.006256, adash=-0.000670 Calling function: WTInducedCalcs(0.000000, 0.000000, 6.000000, 3.141593, 11.500000, 0.172301, 1.000000, 3.000000)
S1 Loop Limit Reached: a=-0.006256, adash=0.000000 Calling function: WTInducedCalcs(0.000000, 0.000000, 6.000000, 3.141593, 11.500000, 0.172301, 1.000000, 3.000000)
Negative Ct found: Ct=-0.015882, a=-0.022558, adash=-0.001015 Calling function: WTInducedCalcs(0.000000, 0.000000, 6.000000, 3.141593, 12.500000, 0.165320, 1.000000, 3.000000)
S1 adash Limit Reached: a=-0.022558, adash=-0.001015 Calling function: WTInducedCalcs(0.000000, 0.000000, 6.000000, 3.141593, 12.500000, 0.165320, 1.000000, 3.000000)
S1 Loop Limit Reached: a=-0.022558, adash=0.000000 Calling function: WTInducedCalcs(0.000000, 0.000000, 6.000000, 3.141593, 12.500000, 0.165320, 1.000000, 3.000000)
Negative Ct found: Ct=-0.018876, a=-0.036813, adash=-0.001202 Calling function: WTInducedCalcs(0.000000, 0.000000, 6.000000, 3.141593, 13.500000, 0.158339, 1.000000, 3.000000)
S1 adash Limit Reached: a=-0.036813, adash=-0.001202 Calling function: WTInducedCalcs(0.000000, 0.000000, 6.000000, 3.141593, 13.500000, 0.158339, 1.000000, 3.000000)
S1 Loop Limit Reached: a=-0.036813, adash=0.000000 Calling function: WTInducedCalcs(0.000000, 0.000000, 6.000000, 3.141593, 13.500000, 0.158339, 1.000000, 3.000000)
Negative Ct found: Ct=-0.020318, a=-0.048811, adash=-0.001290 Calling function: WTInducedCalcs(0.000000, 0.000000, 6.000000, 3.141593, 14.500000, 0.151357, 1.000000, 3.000000)
S1 adash Limit Reached: a=-0.048811, adash=-0.001290 Calling function: WTInducedCalcs(0.000000, 0.000000, 6.000000, 3.141593, 14.500000, 0.151357, 1.000000, 3.000000)
S1 Loop Limit Reached: a=-0.048811, adash=0.000000 Calling function: WTInducedCalcs(0.000000, 0.000000, 6.000000, 3.141593, 14.500000, 0.151357, 1.000000, 3.000000)
Negative Ct found: Ct=-0.020742, a=-0.058548, adash=-0.001314 Calling function: WTInducedCalcs(0.000000, 0.000000, 6.000000, 3.141593, 15.500000, 0.144376, 1.000000, 3.000000)
S1 adash Limit Reached: a=-0.058548, adash=-0.001314 Calling function: WTInducedCalcs(0.000000, 0.000000, 6.000000, 3.141593, 15.500000, 0.144376, 1.000000, 3.000000)
S1 Loop Limit Reached: a=-0.058548, adash=0.000000 Calling function: WTInducedCalcs(0.000000, 0.000000, 6.000000, 3.141593, 15.500000, 0.144376, 1.000000, 3.000000)
Negative Ct found: Ct=-0.020441, a=-0.065743, adash=-0.001293 Calling function: WTInducedCalcs(0.000000, 0.000000, 6.000000, 3.141593, 16.500000, 0.137395, 1.000000, 3.000000)
S1 adash Limit Reached: a=-0.065743, adash=-0.001293 Calling function: WTInducedCalcs(0.000000, 0.000000, 6.000000, 3.141593, 16.500000, 0.137395, 1.000000, 3.000000)
S1 Loop Limit Reached: a=-0.065743, adash=0.000000 Calling function: WTInducedCalcs(0.000000, 0.000000, 6.000000, 3.141593, 16.500000, 0.137395, 1.000000, 3.000000)
Negative Ct found: Ct=-0.019623, a=-0.070171, adash=-0.001239 Calling function: WTInducedCalcs(0.000000, 0.000000, 6.000000, 3.141593, 17.500000, 0.130413, 1.000000, 3.000000)
S1 adash Limit Reached: a=-0.070171, adash=-0.001239 Calling function: WTInducedCalcs(0.000000, 0.000000, 6.000000, 3.141593, 17.500000, 0.130413, 1.000000, 3.000000)
S1 Loop Limit Reached: a=-0.070171, adash=0.000000 Calling function: WTInducedCalcs(0.000000, 0.000000, 6.000000, 3.141593, 17.500000, 0.130413, 1.000000, 3.000000)
Negative Ct found: Ct=-0.018451, a=-0.071757, adash=-0.001164 Calling function: WTInducedCalcs(0.000000, 0.000000, 6.000000, 3.141593, 18.500000, 0.123432, 1.000000, 3.000000)
S1 adash Limit Reached: a=-0.071757, adash=-0.001164 Calling function: WTInducedCalcs(0.000000, 0.000000, 6.000000, 3.141593, 18.500000, 0.123432, 1.000000, 3.000000)
S1 Loop Limit Reached: a=-0.071757, adash=0.000000 Calling function: WTInducedCalcs(0.000000, 0.000000, 6.000000, 3.141593, 18.500000, 0.123432, 1.000000, 3.000000)
Negative Ct found: Ct=-0.017042, a=-0.070476, adash=-0.001074 Calling function: WTInducedCalcs(0.000000, 0.000000, 6.000000, 3.141593, 19.500000, 0.116451, 1.000000, 3.000000)
S1 adash Limit Reached: a=-0.070476, adash=-0.001074 Calling function: WTInducedCalcs(0.000000, 0.000000, 6.000000, 3.141593, 19.500000, 0.116451, 1.000000, 3.000000)
S1 Loop Limit Reached: a=-0.070476, adash=0.000000 Calling function: WTInducedCalcs(0.000000, 0.000000, 6.000000, 3.141593, 19.500000, 0.116451, 1.000000, 3.000000)
Negative Ct found: Ct=-0.001355, a=0.012156, adash=-0.000087 Calling function: WTInducedCalcs(0.000000, 0.000000, 6.000000, 3.141593, 10.500000, 0.179283, 1.000000, 3.000000)
S1 adash Limit Reached: a=0.009018, adash=-0.000206 Calling function: WTInducedCalcs(0.000000, 0.000000, 6.000000, 3.141593, 10.500000, 0.179283, 1.000000, 3.000000)
S1 Loop Limit Reached: a=0.009018, adash=0.000000 Calling function: WTInducedCalcs(0.000000, 0.000000, 6.000000, 3.141593, 10.500000, 0.179283, 1.000000, 3.000000)
Negative Ct found: Ct=-0.010445, a=-0.006256, adash=-0.000670 Calling function: WTInducedCalcs(0.000000, 0.000000, 6.000000, 3.141593, 11.500000, 0.172301, 1.000000, 3.000000)
S1 adash Limit Reached: a=-0.006256, adash=-0.000670 Calling function: WTInducedCalcs(0.000000, 0.000000, 6.000000, 3.141593, 11.500000, 0.172301, 1.000000, 3.000000)
S1 Loop Limit Reached: a=-0.006256, adash=0.000000 Calling function: WTInducedCalcs(0.000000, 0.000000, 6.000000, 3.141593, 11.500000, 0.172301, 1.000000, 3.000000)
Negative Ct found: Ct=-0.015882, a=-0.022558, adash=-0.001015 Calling function: WTInducedCalcs(0.000000, 0.000000, 6.000000, 3.141593, 12.500000, 0.165320, 1.000000, 3.000000)
S1 adash Limit Reached: a=-0.022558, adash=-0.001015 Calling function: WTInducedCalcs(0.000000, 0.000000, 6.000000, 3.141593, 12.500000, 0.165320, 1.000000, 3.000000)
S1 Loop Limit Reached: a=-0.022558, adash=0.000000 Calling function: WTInducedCalcs(0.000000, 0.000000, 6.000000, 3.141593, 12.500000, 0.165320, 1.000000, 3.000000)
Negative Ct found: Ct=-0.018876, a=-0.036813, adash=-0.001202 Calling function: WTInducedCalcs(0.000000, 0.000000, 6.000000, 3.141593, 13.500000, 0.158339, 1.000000, 3.000000)
S1 adash Limit Reached: a=-0.036813, adash=-0.001202 Calling function: WTInducedCalcs(0.000000, 0.000000, 6.000000, 3.141593, 13.500000, 0.158339, 1.000000, 3.000000)
S1 Loop Limit Reached: a=-0.036813, adash=0.000000 Calling function: WTInducedCalcs(0.000000, 0.000000, 6.000000, 3.141593, 13.500000, 0.158339, 1.000000, 3.000000)
Negative Ct found: Ct=-0.020318, a=-0.048811, adash=-0.001290 Calling function: WTInducedCalcs(0.000000, 0.000000, 6.000000, 3.141593, 14.500000, 0.151357, 1.000000, 3.000000)
S1 adash Limit Reached: a=-0.048811, adash=-0.001290 Calling function: WTInducedCalcs(0.000000, 0.000000, 6.000000, 3.141593, 14.500000, 0.151357, 1.000000, 3.000000)
S1 Loop Limit Reached: a=-0.048811, adash=0.000000 Calling function: WTInducedCalcs(0.000000, 0.000000, 6.000000, 3.141593, 14.500000, 0.151357, 1.000000, 3.000000)
Negative Ct found: Ct=-0.020742, a=-0.058548, adash=-0.001314 Calling function: WTInducedCalcs(0.000000, 0.000000, 6.000000, 3.141593, 15.500000, 0.144376, 1.000000, 3.000000)
S1 adash Limit Reached: a=-0.058548, adash=-0.001314 Calling function: WTInducedCalcs(0.000000, 0.000000, 6.000000, 3.141593, 15.500000, 0.144376, 1.000000, 3.000000)
S1 Loop Limit Reached: a=-0.058548, adash=0.000000 Calling function: WTInducedCalcs(0.000000, 0.000000, 6.000000, 3.141593, 15.500000, 0.144376, 1.000000, 3.000000)
Negative Ct found: Ct=-0.020441, a=-0.065743, adash=-0.001293 Calling function: WTInducedCalcs(0.000000, 0.000000, 6.000000, 3.141593, 16.500000, 0.137395, 1.000000, 3.000000)
S1 adash Limit Reached: a=-0.065743, adash=-0.001293 Calling function: WTInducedCalcs(0.000000, 0.000000, 6.000000, 3.141593, 16.500000, 0.137395, 1.000000, 3.000000)
S1 Loop Limit Reached: a=-0.065743, adash=0.000000 Calling function: WTInducedCalcs(0.000000, 0.000000, 6.000000, 3.141593, 16.500000, 0.137395, 1.000000, 3.000000)
Negative Ct found: Ct=-0.019623, a=-0.070171, adash=-0.001239 Calling function: WTInducedCalcs(0.000000, 0.000000, 6.000000, 3.141593, 17.500000, 0.130413, 1.000000, 3.000000)
S1 adash Limit Reached: a=-0.070171, adash=-0.001239 Calling function: WTInducedCalcs(0.000000, 0.000000, 6.000000, 3.141593, 17.500000, 0.130413, 1.000000, 3.000000)
S1 Loop Limit Reached: a=-0.070171, adash=0.000000 Calling function: WTInducedCalcs(0.000000, 0.000000, 6.000000, 3.141593, 17.500000, 0.130413, 1.000000, 3.000000)
Negative Ct found: Ct=-0.018451, a=-0.071757, adash=-0.001164 Calling function: WTInducedCalcs(0.000000, 0.000000, 6.000000, 3.141593, 18.500000, 0.123432, 1.000000, 3.000000)
S1 adash Limit Reached: a=-0.071757, adash=-0.001164 Calling function: WTInducedCalcs(0.000000, 0.000000, 6.000000, 3.141593, 18.500000, 0.123432, 1.000000, 3.000000)
S1 Loop Limit Reached: a=-0.071757, adash=0.000000 Calling function: WTInducedCalcs(0.000000, 0.000000, 6.000000, 3.141593, 18.500000, 0.123432, 1.000000, 3.000000)
Negative Ct found: Ct=-0.017042, a=-0.070476, adash=-0.001074 Calling function: WTInducedCalcs(0.000000, 0.000000, 6.000000, 3.141593, 19.500000, 0.116451, 1.000000, 3.000000)
S1 adash Limit Reached: a=-0.070476, adash=-0.001074 Calling function: WTInducedCalcs(0.000000, 0.000000, 6.000000, 3.141593, 19.500000, 0.116451, 1.000000, 3.000000)
S1 Loop Limit Reached: a=-0.070476, adash=0.000000 Calling function: WTInducedCalcs(0.000000, 0.000000, 6.000000, 3.141593, 19.500000, 0.116451, 1.000000, 3.000000)
Negative Ct found: Ct=-0.000027, a=0.014897, adash=-0.000002 Calling function: WTInducedCalcs(0.000000, 0.000000, 7.000000, 3.141593, 13.500000, 0.158339, 1.000000, 3.000000)
Negative Ct found: Ct=-0.003116, a=0.009527, adash=-0.000171 Calling function: WTInducedCalcs(0.000000, 0.000000, 7.000000, 3.141593, 14.500000, 0.151357, 1.000000, 3.000000)
S1 adash Limit Reached: a=0.007318, adash=-0.000231 Calling function: WTInducedCalcs(0.000000, 0.000000, 7.000000, 3.141593, 14.500000, 0.151357, 1.000000, 3.000000)
S1 Loop Limit Reached: a=0.007318, adash=0.000000 Calling function: WTInducedCalcs(0.000000, 0.000000, 7.000000, 3.141593, 14.500000, 0.151357, 1.000000, 3.000000)
Negative Ct found: Ct=-0.006083, a=0.003031, adash=-0.000332 Calling function: WTInducedCalcs(0.000000, 0.000000, 7.000000, 3.141593, 15.500000, 0.144376, 1.000000, 3.000000)
S1 adash Limit Reached: a=0.002304, adash=-0.000349 Calling function: WTInducedCalcs(0.000000, 0.000000, 7.000000, 3.141593, 15.500000, 0.144376, 1.000000, 3.000000)
S1 Loop Limit Reached: a=0.002304, adash=0.000000 Calling function: WTInducedCalcs(0.000000, 0.000000, 7.000000, 3.141593, 15.500000, 0.144376, 1.000000, 3.000000)
Negative Ct found: Ct=-0.007720, a=-0.001628, adash=-0.000421 Calling function: WTInducedCalcs(0.000000, 0.000000, 7.000000, 3.141593, 16.500000, 0.137395, 1.000000, 3.000000)
S1 adash Limit Reached: a=-0.001628, adash=-0.000421 Calling function: WTInducedCalcs(0.000000, 0.000000, 7.000000, 3.141593, 16.500000, 0.137395, 1.000000, 3.000000)
S1 Loop Limit Reached: a=-0.001628, adash=0.000000 Calling function: WTInducedCalcs(0.000000, 0.000000, 7.000000, 3.141593, 16.500000, 0.137395, 1.000000, 3.000000)
Negative Ct found: Ct=-0.008398, a=-0.004383, adash=-0.000457 Calling function: WTInducedCalcs(0.000000, 0.000000, 7.000000, 3.141593, 17.500000, 0.130413, 1.000000, 3.000000)
S1 adash Limit Reached: a=-0.004383, adash=-0.000457 Calling function: WTInducedCalcs(0.000000, 0.000000, 7.000000, 3.141593, 17.500000, 0.130413, 1.000000, 3.000000)
S1 Loop Limit Reached: a=-0.004383, adash=0.000000 Calling function: WTInducedCalcs(0.000000, 0.000000, 7.000000, 3.141593, 17.500000, 0.130413, 1.000000, 3.000000)
Negative Ct found: Ct=-0.008421, a=-0.005354, adash=-0.000457 Calling function: WTInducedCalcs(0.000000, 0.000000, 7.000000, 3.141593, 18.500000, 0.123432, 1.000000, 3.000000)
S1 adash Limit Reached: a=-0.005354, adash=-0.000457 Calling function: WTInducedCalcs(0.000000, 0.000000, 7.000000, 3.141593, 18.500000, 0.123432, 1.000000, 3.000000)
S1 Loop Limit Reached: a=-0.005354, adash=0.000000 Calling function: WTInducedCalcs(0.000000, 0.000000, 7.000000, 3.141593, 18.500000, 0.123432, 1.000000, 3.000000)
Negative Ct found: Ct=-0.007930, a=-0.004369, adash=-0.000430 Calling function: WTInducedCalcs(0.000000, 0.000000, 7.000000, 3.141593, 19.500000, 0.116451, 1.000000, 3.000000)
S1 adash Limit Reached: a=-0.004369, adash=-0.000430 Calling function: WTInducedCalcs(0.000000, 0.000000, 7.000000, 3.141593, 19.500000, 0.116451, 1.000000, 3.000000)
S1 Loop Limit Reached: a=-0.004369, adash=0.000000 Calling function: WTInducedCalcs(0.000000, 0.000000, 7.000000, 3.141593, 19.500000, 0.116451, 1.000000, 3.000000)
Negative Ct found: Ct=-0.000027, a=0.014897, adash=-0.000002 Calling function: WTInducedCalcs(0.000000, 0.000000, 7.000000, 3.141593, 13.500000, 0.158339, 1.000000, 3.000000)
Negative Ct found: Ct=-0.003116, a=0.009527, adash=-0.000171 Calling function: WTInducedCalcs(0.000000, 0.000000, 7.000000, 3.141593, 14.500000, 0.151357, 1.000000, 3.000000)
S1 adash Limit Reached: a=0.007318, adash=-0.000231 Calling function: WTInducedCalcs(0.000000, 0.000000, 7.000000, 3.141593, 14.500000, 0.151357, 1.000000, 3.000000)
S1 Loop Limit Reached: a=0.007318, adash=0.000000 Calling function: WTInducedCalcs(0.000000, 0.000000, 7.000000, 3.141593, 14.500000, 0.151357, 1.000000, 3.000000)
Negative Ct found: Ct=-0.006083, a=0.003031, adash=-0.000332 Calling function: WTInducedCalcs(0.000000, 0.000000, 7.000000, 3.141593, 15.500000, 0.144376, 1.000000, 3.000000)
S1 adash Limit Reached: a=0.002304, adash=-0.000349 Calling function: WTInducedCalcs(0.000000, 0.000000, 7.000000, 3.141593, 15.500000, 0.144376, 1.000000, 3.000000)
S1 Loop Limit Reached: a=0.002304, adash=0.000000 Calling function: WTInducedCalcs(0.000000, 0.000000, 7.000000, 3.141593, 15.500000, 0.144376, 1.000000, 3.000000)
Negative Ct found: Ct=-0.007720, a=-0.001628, adash=-0.000421 Calling function: WTInducedCalcs(0.000000, 0.000000, 7.000000, 3.141593, 16.500000, 0.137395, 1.000000, 3.000000)
S1 adash Limit Reached: a=-0.001628, adash=-0.000421 Calling function: WTInducedCalcs(0.000000, 0.000000, 7.000000, 3.141593, 16.500000, 0.137395, 1.000000, 3.000000)
S1 Loop Limit Reached: a=-0.001628, adash=0.000000 Calling function: WTInducedCalcs(0.000000, 0.000000, 7.000000, 3.141593, 16.500000, 0.137395, 1.000000, 3.000000)
Negative Ct found: Ct=-0.008398, a=-0.004383, adash=-0.000457 Calling function: WTInducedCalcs(0.000000, 0.000000, 7.000000, 3.141593, 17.500000, 0.130413, 1.000000, 3.000000)
S1 adash Limit Reached: a=-0.004383, adash=-0.000457 Calling function: WTInducedCalcs(0.000000, 0.000000, 7.000000, 3.141593, 17.500000, 0.130413, 1.000000, 3.000000)
S1 Loop Limit Reached: a=-0.004383, adash=0.000000 Calling function: WTInducedCalcs(0.000000, 0.000000, 7.000000, 3.141593, 17.500000, 0.130413, 1.000000, 3.000000)
Negative Ct found: Ct=-0.008421, a=-0.005354, adash=-0.000457 Calling function: WTInducedCalcs(0.000000, 0.000000, 7.000000, 3.141593, 18.500000, 0.123432, 1.000000, 3.000000)
S1 adash Limit Reached: a=-0.005354, adash=-0.000457 Calling function: WTInducedCalcs(0.000000, 0.000000, 7.000000, 3.141593, 18.500000, 0.123432, 1.000000, 3.000000)
S1 Loop Limit Reached: a=-0.005354, adash=0.000000 Calling function: WTInducedCalcs(0.000000, 0.000000, 7.000000, 3.141593, 18.500000, 0.123432, 1.000000, 3.000000)
Negative Ct found: Ct=-0.007930, a=-0.004369, adash=-0.000430 Calling function: WTInducedCalcs(0.000000, 0.000000, 7.000000, 3.141593, 19.500000, 0.116451, 1.000000, 3.000000)
S1 adash Limit Reached: a=-0.004369, adash=-0.000430 Calling function: WTInducedCalcs(0.000000, 0.000000, 7.000000, 3.141593, 19.500000, 0.116451, 1.000000, 3.000000)
S1 Loop Limit Reached: a=-0.004369, adash=0.000000 Calling function: WTInducedCalcs(0.000000, 0.000000, 7.000000, 3.141593, 19.500000, 0.116451, 1.000000, 3.000000)
S1 adash Limit Reached: a=0.170397, adash=0.036956 Calling function: WTInducedCalcs(0.000000, 0.000000, 5.000000, 3.141593, 2.500000, 0.218389, 1.000000, 3.000000)
S1 Loop Limit Reached: a=0.158939, adash=0.000000 Calling function: WTInducedCalcs(0.000000, 0.000000, 5.000000, 3.141593, 2.500000, 0.218389, 1.000000, 3.000000)
Negative Ct found: Ct=-0.032699, a=-0.043901, adash=-0.002556 Calling function: WTInducedCalcs(0.000000, 0.000000, 5.000000, 3.141593, 7.500000, 0.236288, 1.000000, 3.000000)
S1 adash Limit Reached: a=-0.043901, adash=-0.002556 Calling function: WTInducedCalcs(0.000000, 0.000000, 5.000000, 3.141593, 7.500000, 0.236288, 1.000000, 3.000000)
S1 Loop Limit Reached: a=-0.043901, adash=0.000000 Calling function: WTInducedCalcs(0.000000, 0.000000, 5.000000, 3.141593, 7.500000, 0.236288, 1.000000, 3.000000)
Negative Ct found: Ct=-0.071181, a=-0.152790, adash=-0.005495 Calling function: WTInducedCalcs(0.000000, 0.000000, 5.000000, 3.141593, 8.500000, 0.239868, 1.000000, 3.000000)
S1 adash Limit Reached: a=-0.152790, adash=-0.005495 Calling function: WTInducedCalcs(0.000000, 0.000000, 5.000000, 3.141593, 8.500000, 0.239868, 1.000000, 3.000000)
S1 Loop Limit Reached: a=-0.152790, adash=0.000000 Calling function: WTInducedCalcs(0.000000, 0.000000, 5.000000, 3.141593, 8.500000, 0.239868, 1.000000, 3.000000)
Negative Ct found: Ct=-0.088777, a=-0.264742, adash=-0.006799 Calling function: WTInducedCalcs(0.000000, 0.000000, 5.000000, 3.141593, 9.500000, 0.243447, 1.000000, 3.000000)
S1 adash Limit Reached: a=-0.264742, adash=-0.006799 Calling function: WTInducedCalcs(0.000000, 0.000000, 5.000000, 3.141593, 9.500000, 0.243447, 1.000000, 3.000000)
S1 Loop Limit Reached: a=-0.264742, adash=0.000000 Calling function: WTInducedCalcs(0.000000, 0.000000, 5.000000, 3.141593, 9.500000, 0.243447, 1.000000, 3.000000)
Negative Ct found: Ct=-0.100510, a=-0.404805, adash=-0.007652 Calling function: WTInducedCalcs(0.000000, 0.000000, 5.000000, 3.141593, 10.500000, 0.247027, 1.000000, 3.000000)
S1 adash Limit Reached: a=-0.404805, adash=-0.007652 Calling function: WTInducedCalcs(0.000000, 0.000000, 5.000000, 3.141593, 10.500000, 0.247027, 1.000000, 3.000000)
S1 Loop Limit Reached: a=-0.404805, adash=0.000000 Calling function: WTInducedCalcs(0.000000, 0.000000, 5.000000, 3.141593, 10.500000, 0.247027, 1.000000, 3.000000)
Negative Ct found: Ct=-0.106119, a=-0.573193, adash=-0.008046 Calling function: WTInducedCalcs(0.000000, 0.000000, 5.000000, 3.141593, 11.500000, 0.250607, 1.000000, 3.000000)
S1 adash Limit Reached: a=-0.573193, adash=-0.008046 Calling function: WTInducedCalcs(0.000000, 0.000000, 5.000000, 3.141593, 11.500000, 0.250607, 1.000000, 3.000000)
S1 Loop Limit Reached: a=-0.573193, adash=0.000000 Calling function: WTInducedCalcs(0.000000, 0.000000, 5.000000, 3.141593, 11.500000, 0.250607, 1.000000, 3.000000)
Negative Ct found: Ct=-0.109579, a=-0.785910, adash=-0.008282 Calling function: WTInducedCalcs(0.000000, 0.000000, 5.000000, 3.141593, 12.500000, 0.254187, 1.000000, 3.000000)
S1 adash Limit Reached: a=-0.785910, adash=-0.008282 Calling function: WTInducedCalcs(0.000000, 0.000000, 5.000000, 3.141593, 12.500000, 0.254187, 1.000000, 3.000000)
S1 Loop Limit Reached: a=-0.785910, adash=0.000000 Calling function: WTInducedCalcs(0.000000, 0.000000, 5.000000, 3.141593, 12.500000, 0.254187, 1.000000, 3.000000)
Negative Ct found: Ct=-0.109975, a=-1.050843, adash=-0.008293 Calling function: WTInducedCalcs(0.000000, 0.000000, 5.000000, 3.141593, 13.500000, 0.257766, 1.000000, 3.000000)
S1 adash Limit Reached: a=-1.050843, adash=-0.008293 Calling function: WTInducedCalcs(0.000000, 0.000000, 5.000000, 3.141593, 13.500000, 0.257766, 1.000000, 3.000000)
S1 Loop Limit Reached: a=-1.050843, adash=0.000000 Calling function: WTInducedCalcs(0.000000, 0.000000, 5.000000, 3.141593, 13.500000, 0.257766, 1.000000, 3.000000)
Negative Ct found: Ct=-0.110052, a=-1.408534, adash=-0.008284 Calling function: WTInducedCalcs(0.000000, 0.000000, 5.000000, 3.141593, 14.500000, 0.261346, 1.000000, 3.000000)
S1 adash Limit Reached: a=-1.408534, adash=-0.008284 Calling function: WTInducedCalcs(0.000000, 0.000000, 5.000000, 3.141593, 14.500000, 0.261346, 1.000000, 3.000000)
S1 Loop Limit Reached: a=-1.408534, adash=0.000000 Calling function: WTInducedCalcs(0.000000, 0.000000, 5.000000, 3.141593, 14.500000, 0.261346, 1.000000, 3.000000)
Negative Ct found: Ct=-0.109637, a=-1.950702, adash=-0.008241 Calling function: WTInducedCalcs(0.000000, 0.000000, 5.000000, 3.141593, 15.500000, 0.264926, 1.000000, 3.000000)
S1 adash Limit Reached: a=-1.950702, adash=-0.008241 Calling function: WTInducedCalcs(0.000000, 0.000000, 5.000000, 3.141593, 15.500000, 0.264926, 1.000000, 3.000000)
S1 Loop Limit Reached: a=-1.950702, adash=0.000000 Calling function: WTInducedCalcs(0.000000, 0.000000, 5.000000, 3.141593, 15.500000, 0.264926, 1.000000, 3.000000)
Negative Ct found: Ct=-0.108763, a=-2.864851, adash=-0.008166 Calling function: WTInducedCalcs(0.000000, 0.000000, 5.000000, 3.141593, 16.500000, 0.268506, 1.000000, 3.000000)
S1 adash Limit Reached: a=-2.864851, adash=-0.008166 Calling function: WTInducedCalcs(0.000000, 0.000000, 5.000000, 3.141593, 16.500000, 0.268506, 1.000000, 3.000000)
S1 Loop Limit Reached: a=-2.864851, adash=0.000000 Calling function: WTInducedCalcs(0.000000, 0.000000, 5.000000, 3.141593, 16.500000, 0.268506, 1.000000, 3.000000)
Negative Ct found: Ct=-0.108296, a=-4.721631, adash=-0.008123 Calling function: WTInducedCalcs(0.000000, 0.000000, 5.000000, 3.141593, 17.500000, 0.272085, 1.000000, 3.000000)
S1 adash Limit Reached: a=-4.721631, adash=-0.008123 Calling function: WTInducedCalcs(0.000000, 0.000000, 5.000000, 3.141593, 17.500000, 0.272085, 1.000000, 3.000000)
S1 Loop Limit Reached: a=-4.721631, adash=0.000000 Calling function: WTInducedCalcs(0.000000, 0.000000, 5.000000, 3.141593, 17.500000, 0.272085, 1.000000, 3.000000)
Negative Ct found: Ct=-0.107670, a=-10.499634, adash=-0.008069 Calling function: WTInducedCalcs(0.000000, 0.000000, 5.000000, 3.141593, 18.500000, 0.275665, 1.000000, 3.000000)
S1 adash Limit Reached: a=-10.499634, adash=-0.008069 Calling function: WTInducedCalcs(0.000000, 0.000000, 5.000000, 3.141593, 18.500000, 0.275665, 1.000000, 3.000000)
S1 Loop Limit Reached: a=-10.499634, adash=0.000000 Calling function: WTInducedCalcs(0.000000, 0.000000, 5.000000, 3.141593, 18.500000, 0.275665, 1.000000, 3.000000)
Negative Ct found: Ct=-0.106908, a=213.588877, adash=-0.008007 Calling function: WTInducedCalcs(0.000000, 0.000000, 5.000000, 3.141593, 19.500000, 0.279245, 1.000000, 3.000000)
S1 adash Limit Reached: a=1.000000, adash=-1.000000 Calling function: WTInducedCalcs(0.000000, 0.000000, 5.000000, 3.141593, 19.500000, 0.279245, 1.000000, 3.000000)
S1 Loop Limit Reached: a=1.000000, adash=0.000000 Calling function: WTInducedCalcs(0.000000, 0.000000, 5.000000, 3.141593, 19.500000, 0.279245, 1.000000, 3.000000)
Negative Ct found: Ct=-0.024062, a=-0.020785, adash=-0.001577 Calling function: WTInducedCalcs(0.000000, 0.000000, 6.000000, 3.141593, 8.500000, 0.239868, 1.000000, 3.000000)
S1 adash Limit Reached: a=-0.020785, adash=-0.001577 Calling function: WTInducedCalcs(0.000000, 0.000000, 6.000000, 3.141593, 8.500000, 0.239868, 1.000000, 3.000000)
S1 Loop Limit Reached: a=-0.020785, adash=0.000000 Calling function: WTInducedCalcs(0.000000, 0.000000, 6.000000, 3.141593, 8.500000, 0.239868, 1.000000, 3.000000)
Negative Ct found: Ct=-0.060527, a=-0.088443, adash=-0.003920 Calling function: WTInducedCalcs(0.000000, 0.000000, 6.000000, 3.141593, 9.500000, 0.243447, 1.000000, 3.000000)
S1 adash Limit Reached: a=-0.088443, adash=-0.003920 Calling function: WTInducedCalcs(0.000000, 0.000000, 6.000000, 3.141593, 9.500000, 0.243447, 1.000000, 3.000000)
S1 Loop Limit Reached: a=-0.088443, adash=0.000000 Calling function: WTInducedCalcs(0.000000, 0.000000, 6.000000, 3.141593, 9.500000, 0.243447, 1.000000, 3.000000)
Negative Ct found: Ct=-0.082877, a=-0.162384, adash=-0.005323 Calling function: WTInducedCalcs(0.000000, 0.000000, 6.000000, 3.141593, 10.500000, 0.247027, 1.000000, 3.000000)
S1 adash Limit Reached: a=-0.162384, adash=-0.005323 Calling function: WTInducedCalcs(0.000000, 0.000000, 6.000000, 3.141593, 10.500000, 0.247027, 1.000000, 3.000000)
S1 Loop Limit Reached: a=-0.162384, adash=0.000000 Calling function: WTInducedCalcs(0.000000, 0.000000, 6.000000, 3.141593, 10.500000, 0.247027, 1.000000, 3.000000)
Negative Ct found: Ct=-0.097083, a=-0.243787, adash=-0.006196 Calling function: WTInducedCalcs(0.000000, 0.000000, 6.000000, 3.141593, 11.500000, 0.250607, 1.000000, 3.000000)
S1 adash Limit Reached: a=-0.243787, adash=-0.006196 Calling function: WTInducedCalcs(0.000000, 0.000000, 6.000000, 3.141593, 11.500000, 0.250607, 1.000000, 3.000000)
S1 Loop Limit Reached: a=-0.243787, adash=0.000000 Calling function: WTInducedCalcs(0.000000, 0.000000, 6.000000, 3.141593, 11.500000, 0.250607, 1.000000, 3.000000)
Negative Ct found: Ct=-0.106578, a=-0.341094, adash=-0.006770 Calling function: WTInducedCalcs(0.000000, 0.000000, 6.000000, 3.141593, 12.500000, 0.254187, 1.000000, 3.000000)
S1 adash Limit Reached: a=-0.341094, adash=-0.006770 Calling function: WTInducedCalcs(0.000000, 0.000000, 6.000000, 3.141593, 12.500000, 0.254187, 1.000000, 3.000000)
S1 Loop Limit Reached: a=-0.341094, adash=0.000000 Calling function: WTInducedCalcs(0.000000, 0.000000, 6.000000, 3.141593, 12.500000, 0.254187, 1.000000, 3.000000)
Negative Ct found: Ct=-0.112387, a=-0.453816, adash=-0.007114 Calling function: WTInducedCalcs(0.000000, 0.000000, 6.000000, 3.141593, 13.500000, 0.257766, 1.000000, 3.000000)
S1 adash Limit Reached: a=-0.453816, adash=-0.007114 Calling function: WTInducedCalcs(0.000000, 0.000000, 6.000000, 3.141593, 13.500000, 0.257766, 1.000000, 3.000000)
S1 Loop Limit Reached: a=-0.453816, adash=0.000000 Calling function: WTInducedCalcs(0.000000, 0.000000, 6.000000, 3.141593, 13.500000, 0.257766, 1.000000, 3.000000)
Negative Ct found: Ct=-0.116450, a=-0.588195, adash=-0.007350 Calling function: WTInducedCalcs(0.000000, 0.000000, 6.000000, 3.141593, 14.500000, 0.261346, 1.000000, 3.000000)
S1 adash Limit Reached: a=-0.588195, adash=-0.007350 Calling function: WTInducedCalcs(0.000000, 0.000000, 6.000000, 3.141593, 14.500000, 0.261346, 1.000000, 3.000000)
S1 Loop Limit Reached: a=-0.588195, adash=0.000000 Calling function: WTInducedCalcs(0.000000, 0.000000, 6.000000, 3.141593, 14.500000, 0.261346, 1.000000, 3.000000)
Negative Ct found: Ct=-0.117979, a=-0.748548, adash=-0.007430 Calling function: WTInducedCalcs(0.000000, 0.000000, 6.000000, 3.141593, 15.500000, 0.264926, 1.000000, 3.000000)
S1 adash Limit Reached: a=-0.748548, adash=-0.007430 Calling function: WTInducedCalcs(0.000000, 0.000000, 6.000000, 3.141593, 15.500000, 0.264926, 1.000000, 3.000000)
S1 Loop Limit Reached: a=-0.748548, adash=0.000000 Calling function: WTInducedCalcs(0.000000, 0.000000, 6.000000, 3.141593, 15.500000, 0.264926, 1.000000, 3.000000)
Negative Ct found: Ct=-0.119493, a=-0.951264, adash=-0.007512 Calling function: WTInducedCalcs(0.000000, 0.000000, 6.000000, 3.141593, 16.500000, 0.268506, 1.000000, 3.000000)
S1 adash Limit Reached: a=-0.951264, adash=-0.007512 Calling function: WTInducedCalcs(0.000000, 0.000000, 6.000000, 3.141593, 16.500000, 0.268506, 1.000000, 3.000000)
S1 Loop Limit Reached: a=-0.951264, adash=0.000000 Calling function: WTInducedCalcs(0.000000, 0.000000, 6.000000, 3.141593, 16.500000, 0.268506, 1.000000, 3.000000)
Negative Ct found: Ct=-0.119935, a=-1.215710, adash=-0.007528 Calling function: WTInducedCalcs(0.000000, 0.000000, 6.000000, 3.141593, 17.500000, 0.272085, 1.000000, 3.000000)
S1 adash Limit Reached: a=-1.215710, adash=-0.007528 Calling function: WTInducedCalcs(0.000000, 0.000000, 6.000000, 3.141593, 17.500000, 0.272085, 1.000000, 3.000000)
S1 Loop Limit Reached: a=-1.215710, adash=0.000000 Calling function: WTInducedCalcs(0.000000, 0.000000, 6.000000, 3.141593, 17.500000, 0.272085, 1.000000, 3.000000)
Negative Ct found: Ct=-0.119759, a=-1.574482, adash=-0.007508 Calling function: WTInducedCalcs(0.000000, 0.000000, 6.000000, 3.141593, 18.500000, 0.275665, 1.000000, 3.000000)
S1 adash Limit Reached: a=-1.574482, adash=-0.007508 Calling function: WTInducedCalcs(0.000000, 0.000000, 6.000000, 3.141593, 18.500000, 0.275665, 1.000000, 3.000000)
S1 Loop Limit Reached: a=-1.574482, adash=0.000000 Calling function: WTInducedCalcs(0.000000, 0.000000, 6.000000, 3.141593, 18.500000, 0.275665, 1.000000, 3.000000)
Negative Ct found: Ct=-0.119667, a=-2.087923, adash=-0.007494 Calling function: WTInducedCalcs(0.000000, 0.000000, 6.000000, 3.141593, 19.500000, 0.279245, 1.000000, 3.000000)
S1 adash Limit Reached: a=-2.087923, adash=-0.007494 Calling function: WTInducedCalcs(0.000000, 0.000000, 6.000000, 3.141593, 19.500000, 0.279245, 1.000000, 3.000000)
S1 Loop Limit Reached: a=-2.087923, adash=0.000000 Calling function: WTInducedCalcs(0.000000, 0.000000, 6.000000, 3.141593, 19.500000, 0.279245, 1.000000, 3.000000)
Negative Ct found: Ct=-0.024062, a=-0.020785, adash=-0.001577 Calling function: WTInducedCalcs(0.000000, 0.000000, 6.000000, 3.141593, 8.500000, 0.239868, 1.000000, 3.000000)
S1 adash Limit Reached: a=-0.020785, adash=-0.001577 Calling function: WTInducedCalcs(0.000000, 0.000000, 6.000000, 3.141593, 8.500000, 0.239868, 1.000000, 3.000000)
S1 Loop Limit Reached: a=-0.020785, adash=0.000000 Calling function: WTInducedCalcs(0.000000, 0.000000, 6.000000, 3.141593, 8.500000, 0.239868, 1.000000, 3.000000)
Negative Ct found: Ct=-0.060527, a=-0.088443, adash=-0.003920 Calling function: WTInducedCalcs(0.000000, 0.000000, 6.000000, 3.141593, 9.500000, 0.243447, 1.000000, 3.000000)
S1 adash Limit Reached: a=-0.088443, adash=-0.003920 Calling function: WTInducedCalcs(0.000000, 0.000000, 6.000000, 3.141593, 9.500000, 0.243447, 1.000000, 3.000000)
S1 Loop Limit Reached: a=-0.088443, adash=0.000000 Calling function: WTInducedCalcs(0.000000, 0.000000, 6.000000, 3.141593, 9.500000, 0.243447, 1.000000, 3.000000)
Negative Ct found: Ct=-0.082877, a=-0.162384, adash=-0.005323 Calling function: WTInducedCalcs(0.000000, 0.000000, 6.000000, 3.141593, 10.500000, 0.247027, 1.000000, 3.000000)
S1 adash Limit Reached: a=-0.162384, adash=-0.005323 Calling function: WTInducedCalcs(0.000000, 0.000000, 6.000000, 3.141593, 10.500000, 0.247027, 1.000000, 3.000000)
S1 Loop Limit Reached: a=-0.162384, adash=0.000000 Calling function: WTInducedCalcs(0.000000, 0.000000, 6.000000, 3.141593, 10.500000, 0.247027, 1.000000, 3.000000)
Negative Ct found: Ct=-0.097083, a=-0.243787, adash=-0.006196 Calling function: WTInducedCalcs(0.000000, 0.000000, 6.000000, 3.141593, 11.500000, 0.250607, 1.000000, 3.000000)
S1 adash Limit Reached: a=-0.243787, adash=-0.006196 Calling function: WTInducedCalcs(0.000000, 0.000000, 6.000000, 3.141593, 11.500000, 0.250607, 1.000000, 3.000000)
S1 Loop Limit Reached: a=-0.243787, adash=0.000000 Calling function: WTInducedCalcs(0.000000, 0.000000, 6.000000, 3.141593, 11.500000, 0.250607, 1.000000, 3.000000)
Negative Ct found: Ct=-0.106578, a=-0.341094, adash=-0.006770 Calling function: WTInducedCalcs(0.000000, 0.000000, 6.000000, 3.141593, 12.500000, 0.254187, 1.000000, 3.000000)
S1 adash Limit Reached: a=-0.341094, adash=-0.006770 Calling function: WTInducedCalcs(0.000000, 0.000000, 6.000000, 3.141593, 12.500000, 0.254187, 1.000000, 3.000000)
S1 Loop Limit Reached: a=-0.341094, adash=0.000000 Calling function: WTInducedCalcs(0.000000, 0.000000, 6.000000, 3.141593, 12.500000, 0.254187, 1.000000, 3.000000)
Negative Ct found: Ct=-0.112387, a=-0.453816, adash=-0.007114 Calling function: WTInducedCalcs(0.000000, 0.000000, 6.000000, 3.141593, 13.500000, 0.257766, 1.000000, 3.000000)
S1 adash Limit Reached: a=-0.453816, adash=-0.007114 Calling function: WTInducedCalcs(0.000000, 0.000000, 6.000000, 3.141593, 13.500000, 0.257766, 1.000000, 3.000000)
S1 Loop Limit Reached: a=-0.453816, adash=0.000000 Calling function: WTInducedCalcs(0.000000, 0.000000, 6.000000, 3.141593, 13.500000, 0.257766, 1.000000, 3.000000)
Negative Ct found: Ct=-0.116450, a=-0.588195, adash=-0.007350 Calling function: WTInducedCalcs(0.000000, 0.000000, 6.000000, 3.141593, 14.500000, 0.261346, 1.000000, 3.000000)
S1 adash Limit Reached: a=-0.588195, adash=-0.007350 Calling function: WTInducedCalcs(0.000000, 0.000000, 6.000000, 3.141593, 14.500000, 0.261346, 1.000000, 3.000000)
S1 Loop Limit Reached: a=-0.588195, adash=0.000000 Calling function: WTInducedCalcs(0.000000, 0.000000, 6.000000, 3.141593, 14.500000, 0.261346, 1.000000, 3.000000)
Negative Ct found: Ct=-0.117979, a=-0.748548, adash=-0.007430 Calling function: WTInducedCalcs(0.000000, 0.000000, 6.000000, 3.141593, 15.500000, 0.264926, 1.000000, 3.000000)
S1 adash Limit Reached: a=-0.748548, adash=-0.007430 Calling function: WTInducedCalcs(0.000000, 0.000000, 6.000000, 3.141593, 15.500000, 0.264926, 1.000000, 3.000000)
S1 Loop Limit Reached: a=-0.748548, adash=0.000000 Calling function: WTInducedCalcs(0.000000, 0.000000, 6.000000, 3.141593, 15.500000, 0.264926, 1.000000, 3.000000)
Negative Ct found: Ct=-0.119493, a=-0.951264, adash=-0.007512 Calling function: WTInducedCalcs(0.000000, 0.000000, 6.000000, 3.141593, 16.500000, 0.268506, 1.000000, 3.000000)
S1 adash Limit Reached: a=-0.951264, adash=-0.007512 Calling function: WTInducedCalcs(0.000000, 0.000000, 6.000000, 3.141593, 16.500000, 0.268506, 1.000000, 3.000000)
S1 Loop Limit Reached: a=-0.951264, adash=0.000000 Calling function: WTInducedCalcs(0.000000, 0.000000, 6.000000, 3.141593, 16.500000, 0.268506, 1.000000, 3.000000)
Negative Ct found: Ct=-0.119935, a=-1.215710, adash=-0.007528 Calling function: WTInducedCalcs(0.000000, 0.000000, 6.000000, 3.141593, 17.500000, 0.272085, 1.000000, 3.000000)
S1 adash Limit Reached: a=-1.215710, adash=-0.007528 Calling function: WTInducedCalcs(0.000000, 0.000000, 6.000000, 3.141593, 17.500000, 0.272085, 1.000000, 3.000000)
S1 Loop Limit Reached: a=-1.215710, adash=0.000000 Calling function: WTInducedCalcs(0.000000, 0.000000, 6.000000, 3.141593, 17.500000, 0.272085, 1.000000, 3.000000)
Negative Ct found: Ct=-0.119759, a=-1.574482, adash=-0.007508 Calling function: WTInducedCalcs(0.000000, 0.000000, 6.000000, 3.141593, 18.500000, 0.275665, 1.000000, 3.000000)
S1 adash Limit Reached: a=-1.574482, adash=-0.007508 Calling function: WTInducedCalcs(0.000000, 0.000000, 6.000000, 3.141593, 18.500000, 0.275665, 1.000000, 3.000000)
S1 Loop Limit Reached: a=-1.574482, adash=0.000000 Calling function: WTInducedCalcs(0.000000, 0.000000, 6.000000, 3.141593, 18.500000, 0.275665, 1.000000, 3.000000)
Negative Ct found: Ct=-0.119667, a=-2.087923, adash=-0.007494 Calling function: WTInducedCalcs(0.000000, 0.000000, 6.000000, 3.141593, 19.500000, 0.279245, 1.000000, 3.000000)
S1 adash Limit Reached: a=-2.087923, adash=-0.007494 Calling function: WTInducedCalcs(0.000000, 0.000000, 6.000000, 3.141593, 19.500000, 0.279245, 1.000000, 3.000000)
S1 Loop Limit Reached: a=-2.087923, adash=0.000000 Calling function: WTInducedCalcs(0.000000, 0.000000, 6.000000, 3.141593, 19.500000, 0.279245, 1.000000, 3.000000)
Negative Ct found: Ct=-0.017582, a=-0.009740, adash=-0.000993 Calling function: WTInducedCalcs(0.000000, 0.000000, 7.000000, 3.141593, 9.500000, 0.243447, 1.000000, 3.000000)
S1 adash Limit Reached: a=-0.009740, adash=-0.000993 Calling function: WTInducedCalcs(0.000000, 0.000000, 7.000000, 3.141593, 9.500000, 0.243447, 1.000000, 3.000000)
S1 Loop Limit Reached: a=-0.009740, adash=0.000000 Calling function: WTInducedCalcs(0.000000, 0.000000, 7.000000, 3.141593, 9.500000, 0.243447, 1.000000, 3.000000)
Negative Ct found: Ct=-0.049157, a=-0.052526, adash=-0.002744 Calling function: WTInducedCalcs(0.000000, 0.000000, 7.000000, 3.141593, 10.500000, 0.247027, 1.000000, 3.000000)
S1 adash Limit Reached: a=-0.052526, adash=-0.002744 Calling function: WTInducedCalcs(0.000000, 0.000000, 7.000000, 3.141593, 10.500000, 0.247027, 1.000000, 3.000000)
S1 Loop Limit Reached: a=-0.052526, adash=0.000000 Calling function: WTInducedCalcs(0.000000, 0.000000, 7.000000, 3.141593, 10.500000, 0.247027, 1.000000, 3.000000)
Negative Ct found: Ct=-0.077966, a=-0.110328, adash=-0.004315 Calling function: WTInducedCalcs(0.000000, 0.000000, 7.000000, 3.141593, 11.500000, 0.250607, 1.000000, 3.000000)
S1 adash Limit Reached: a=-0.110328, adash=-0.004315 Calling function: WTInducedCalcs(0.000000, 0.000000, 7.000000, 3.141593, 11.500000, 0.250607, 1.000000, 3.000000)
S1 Loop Limit Reached: a=-0.110328, adash=0.000000 Calling function: WTInducedCalcs(0.000000, 0.000000, 7.000000, 3.141593, 11.500000, 0.250607, 1.000000, 3.000000)
Negative Ct found: Ct=-0.092848, a=-0.164552, adash=-0.005106 Calling function: WTInducedCalcs(0.000000, 0.000000, 7.000000, 3.141593, 12.500000, 0.254187, 1.000000, 3.000000)
S1 adash Limit Reached: a=-0.164552, adash=-0.005106 Calling function: WTInducedCalcs(0.000000, 0.000000, 7.000000, 3.141593, 12.500000, 0.254187, 1.000000, 3.000000)
S1 Loop Limit Reached: a=-0.164552, adash=0.000000 Calling function: WTInducedCalcs(0.000000, 0.000000, 7.000000, 3.141593, 12.500000, 0.254187, 1.000000, 3.000000)
Negative Ct found: Ct=-0.104824, a=-0.227668, adash=-0.005735 Calling function: WTInducedCalcs(0.000000, 0.000000, 7.000000, 3.141593, 13.500000, 0.257766, 1.000000, 3.000000)
S1 adash Limit Reached: a=-0.227668, adash=-0.005735 Calling function: WTInducedCalcs(0.000000, 0.000000, 7.000000, 3.141593, 13.500000, 0.257766, 1.000000, 3.000000)
S1 Loop Limit Reached: a=-0.227668, adash=0.000000 Calling function: WTInducedCalcs(0.000000, 0.000000, 7.000000, 3.141593, 13.500000, 0.257766, 1.000000, 3.000000)
Negative Ct found: Ct=-0.112819, a=-0.300622, adash=-0.006149 Calling function: WTInducedCalcs(0.000000, 0.000000, 7.000000, 3.141593, 14.500000, 0.261346, 1.000000, 3.000000)
S1 adash Limit Reached: a=-0.300622, adash=-0.006149 Calling function: WTInducedCalcs(0.000000, 0.000000, 7.000000, 3.141593, 14.500000, 0.261346, 1.000000, 3.000000)
S1 Loop Limit Reached: a=-0.300622, adash=0.000000 Calling function: WTInducedCalcs(0.000000, 0.000000, 7.000000, 3.141593, 14.500000, 0.261346, 1.000000, 3.000000)
Negative Ct found: Ct=-0.118269, a=-0.380800, adash=-0.006425 Calling function: WTInducedCalcs(0.000000, 0.000000, 7.000000, 3.141593, 15.500000, 0.264926, 1.000000, 3.000000)
S1 adash Limit Reached: a=-0.380800, adash=-0.006425 Calling function: WTInducedCalcs(0.000000, 0.000000, 7.000000, 3.141593, 15.500000, 0.264926, 1.000000, 3.000000)
S1 Loop Limit Reached: a=-0.380800, adash=0.000000 Calling function: WTInducedCalcs(0.000000, 0.000000, 7.000000, 3.141593, 15.500000, 0.264926, 1.000000, 3.000000)
Negative Ct found: Ct=-0.122128, a=-0.473925, adash=-0.006618 Calling function: WTInducedCalcs(0.000000, 0.000000, 7.000000, 3.141593, 16.500000, 0.268506, 1.000000, 3.000000)
S1 adash Limit Reached: a=-0.473925, adash=-0.006618 Calling function: WTInducedCalcs(0.000000, 0.000000, 7.000000, 3.141593, 16.500000, 0.268506, 1.000000, 3.000000)
S1 Loop Limit Reached: a=-0.473925, adash=0.000000 Calling function: WTInducedCalcs(0.000000, 0.000000, 7.000000, 3.141593, 16.500000, 0.268506, 1.000000, 3.000000)
Negative Ct found: Ct=-0.124615, a=-0.583319, adash=-0.006738 Calling function: WTInducedCalcs(0.000000, 0.000000, 7.000000, 3.141593, 17.500000, 0.272085, 1.000000, 3.000000)
S1 adash Limit Reached: a=-0.583319, adash=-0.006738 Calling function: WTInducedCalcs(0.000000, 0.000000, 7.000000, 3.141593, 17.500000, 0.272085, 1.000000, 3.000000)
S1 Loop Limit Reached: a=-0.583319, adash=0.000000 Calling function: WTInducedCalcs(0.000000, 0.000000, 7.000000, 3.141593, 17.500000, 0.272085, 1.000000, 3.000000)
Negative Ct found: Ct=-0.126623, a=-0.711855, adash=-0.006835 Calling function: WTInducedCalcs(0.000000, 0.000000, 7.000000, 3.141593, 18.500000, 0.275665, 1.000000, 3.000000)
S1 adash Limit Reached: a=-0.711855, adash=-0.006835 Calling function: WTInducedCalcs(0.000000, 0.000000, 7.000000, 3.141593, 18.500000, 0.275665, 1.000000, 3.000000)
S1 Loop Limit Reached: a=-0.711855, adash=0.000000 Calling function: WTInducedCalcs(0.000000, 0.000000, 7.000000, 3.141593, 18.500000, 0.275665, 1.000000, 3.000000)
Negative Ct found: Ct=-0.127069, a=-0.863178, adash=-0.006849 Calling function: WTInducedCalcs(0.000000, 0.000000, 7.000000, 3.141593, 19.500000, 0.279245, 1.000000, 3.000000)
S1 adash Limit Reached: a=-0.863178, adash=-0.006849 Calling function: WTInducedCalcs(0.000000, 0.000000, 7.000000, 3.141593, 19.500000, 0.279245, 1.000000, 3.000000)
S1 Loop Limit Reached: a=-0.863178, adash=0.000000 Calling function: WTInducedCalcs(0.000000, 0.000000, 7.000000, 3.141593, 19.500000, 0.279245, 1.000000, 3.000000)
Negative Ct found: Ct=-0.017582, a=-0.009740, adash=-0.000993 Calling function: WTInducedCalcs(0.000000, 0.000000, 7.000000, 3.141593, 9.500000, 0.243447, 1.000000, 3.000000)
S1 adash Limit Reached: a=-0.009740, adash=-0.000993 Calling function: WTInducedCalcs(0.000000, 0.000000, 7.000000, 3.141593, 9.500000, 0.243447, 1.000000, 3.000000)
S1 Loop Limit Reached: a=-0.009740, adash=0.000000 Calling function: WTInducedCalcs(0.000000, 0.000000, 7.000000, 3.141593, 9.500000, 0.243447, 1.000000, 3.000000)
Negative Ct found: Ct=-0.049157, a=-0.052526, adash=-0.002744 Calling function: WTInducedCalcs(0.000000, 0.000000, 7.000000, 3.141593, 10.500000, 0.247027, 1.000000, 3.000000)
S1 adash Limit Reached: a=-0.052526, adash=-0.002744 Calling function: WTInducedCalcs(0.000000, 0.000000, 7.000000, 3.141593, 10.500000, 0.247027, 1.000000, 3.000000)
S1 Loop Limit Reached: a=-0.052526, adash=0.000000 Calling function: WTInducedCalcs(0.000000, 0.000000, 7.000000, 3.141593, 10.500000, 0.247027, 1.000000, 3.000000)
Negative Ct found: Ct=-0.077966, a=-0.110328, adash=-0.004315 Calling function: WTInducedCalcs(0.000000, 0.000000, 7.000000, 3.141593, 11.500000, 0.250607, 1.000000, 3.000000)
S1 adash Limit Reached: a=-0.110328, adash=-0.004315 Calling function: WTInducedCalcs(0.000000, 0.000000, 7.000000, 3.141593, 11.500000, 0.250607, 1.000000, 3.000000)
S1 Loop Limit Reached: a=-0.110328, adash=0.000000 Calling function: WTInducedCalcs(0.000000, 0.000000, 7.000000, 3.141593, 11.500000, 0.250607, 1.000000, 3.000000)
Negative Ct found: Ct=-0.092848, a=-0.164552, adash=-0.005106 Calling function: WTInducedCalcs(0.000000, 0.000000, 7.000000, 3.141593, 12.500000, 0.254187, 1.000000, 3.000000)
S1 adash Limit Reached: a=-0.164552, adash=-0.005106 Calling function: WTInducedCalcs(0.000000, 0.000000, 7.000000, 3.141593, 12.500000, 0.254187, 1.000000, 3.000000)
S1 Loop Limit Reached: a=-0.164552, adash=0.000000 Calling function: WTInducedCalcs(0.000000, 0.000000, 7.000000, 3.141593, 12.500000, 0.254187, 1.000000, 3.000000)
Negative Ct found: Ct=-0.104824, a=-0.227668, adash=-0.005735 Calling function: WTInducedCalcs(0.000000, 0.000000, 7.000000, 3.141593, 13.500000, 0.257766, 1.000000, 3.000000)
S1 adash Limit Reached: a=-0.227668, adash=-0.005735 Calling function: WTInducedCalcs(0.000000, 0.000000, 7.000000, 3.141593, 13.500000, 0.257766, 1.000000, 3.000000)
S1 Loop Limit Reached: a=-0.227668, adash=0.000000 Calling function: WTInducedCalcs(0.000000, 0.000000, 7.000000, 3.141593, 13.500000, 0.257766, 1.000000, 3.000000)
Negative Ct found: Ct=-0.112819, a=-0.300622, adash=-0.006149 Calling function: WTInducedCalcs(0.000000, 0.000000, 7.000000, 3.141593, 14.500000, 0.261346, 1.000000, 3.000000)
S1 adash Limit Reached: a=-0.300622, adash=-0.006149 Calling function: WTInducedCalcs(0.000000, 0.000000, 7.000000, 3.141593, 14.500000, 0.261346, 1.000000, 3.000000)
S1 Loop Limit Reached: a=-0.300622, adash=0.000000 Calling function: WTInducedCalcs(0.000000, 0.000000, 7.000000, 3.141593, 14.500000, 0.261346, 1.000000, 3.000000)
Negative Ct found: Ct=-0.118269, a=-0.380800, adash=-0.006425 Calling function: WTInducedCalcs(0.000000, 0.000000, 7.000000, 3.141593, 15.500000, 0.264926, 1.000000, 3.000000)
S1 adash Limit Reached: a=-0.380800, adash=-0.006425 Calling function: WTInducedCalcs(0.000000, 0.000000, 7.000000, 3.141593, 15.500000, 0.264926, 1.000000, 3.000000)
S1 Loop Limit Reached: a=-0.380800, adash=0.000000 Calling function: WTInducedCalcs(0.000000, 0.000000, 7.000000, 3.141593, 15.500000, 0.264926, 1.000000, 3.000000)
Negative Ct found: Ct=-0.122128, a=-0.473925, adash=-0.006618 Calling function: WTInducedCalcs(0.000000, 0.000000, 7.000000, 3.141593, 16.500000, 0.268506, 1.000000, 3.000000)
S1 adash Limit Reached: a=-0.473925, adash=-0.006618 Calling function: WTInducedCalcs(0.000000, 0.000000, 7.000000, 3.141593, 16.500000, 0.268506, 1.000000, 3.000000)
S1 Loop Limit Reached: a=-0.473925, adash=0.000000 Calling function: WTInducedCalcs(0.000000, 0.000000, 7.000000, 3.141593, 16.500000, 0.268506, 1.000000, 3.000000)
Negative Ct found: Ct=-0.124615, a=-0.583319, adash=-0.006738 Calling function: WTInducedCalcs(0.000000, 0.000000, 7.000000, 3.141593, 17.500000, 0.272085, 1.000000, 3.000000)
S1 adash Limit Reached: a=-0.583319, adash=-0.006738 Calling function: WTInducedCalcs(0.000000, 0.000000, 7.000000, 3.141593, 17.500000, 0.272085, 1.000000, 3.000000)
S1 Loop Limit Reached: a=-0.583319, adash=0.000000 Calling function: WTInducedCalcs(0.000000, 0.000000, 7.000000, 3.141593, 17.500000, 0.272085, 1.000000, 3.000000)
Negative Ct found: Ct=-0.126623, a=-0.711855, adash=-0.006835 Calling function: WTInducedCalcs(0.000000, 0.000000, 7.000000, 3.141593, 18.500000, 0.275665, 1.000000, 3.000000)
S1 adash Limit Reached: a=-0.711855, adash=-0.006835 Calling function: WTInducedCalcs(0.000000, 0.000000, 7.000000, 3.141593, 18.500000, 0.275665, 1.000000, 3.000000)
S1 Loop Limit Reached: a=-0.711855, adash=0.000000 Calling function: WTInducedCalcs(0.000000, 0.000000, 7.000000, 3.141593, 18.500000, 0.275665, 1.000000, 3.000000)
Negative Ct found: Ct=-0.127069, a=-0.863178, adash=-0.006849 Calling function: WTInducedCalcs(0.000000, 0.000000, 7.000000, 3.141593, 19.500000, 0.279245, 1.000000, 3.000000)
S1 adash Limit Reached: a=-0.863178, adash=-0.006849 Calling function: WTInducedCalcs(0.000000, 0.000000, 7.000000, 3.141593, 19.500000, 0.279245, 1.000000, 3.000000)
S1 Loop Limit Reached: a=-0.863178, adash=0.000000 Calling function: WTInducedCalcs(0.000000, 0.000000, 7.000000, 3.141593, 19.500000, 0.279245, 1.000000, 3.000000)
Negative Ct found: Ct=-0.013006, a=-0.004237, adash=-0.000645 Calling function: WTInducedCalcs(0.000000, 0.000000, 8.000000, 3.141593, 10.500000, 0.247027, 1.000000, 3.000000)
S1 adash Limit Reached: a=-0.004237, adash=-0.000645 Calling function: WTInducedCalcs(0.000000, 0.000000, 8.000000, 3.141593, 10.500000, 0.247027, 1.000000, 3.000000)
S1 Loop Limit Reached: a=-0.004237, adash=0.000000 Calling function: WTInducedCalcs(0.000000, 0.000000, 8.000000, 3.141593, 10.500000, 0.247027, 1.000000, 3.000000)
Negative Ct found: Ct=-0.042971, a=-0.036106, adash=-0.002109 Calling function: WTInducedCalcs(0.000000, 0.000000, 8.000000, 3.141593, 11.500000, 0.250607, 1.000000, 3.000000)
S1 adash Limit Reached: a=-0.036106, adash=-0.002109 Calling function: WTInducedCalcs(0.000000, 0.000000, 8.000000, 3.141593, 11.500000, 0.250607, 1.000000, 3.000000)
S1 Loop Limit Reached: a=-0.036106, adash=0.000000 Calling function: WTInducedCalcs(0.000000, 0.000000, 8.000000, 3.141593, 11.500000, 0.250607, 1.000000, 3.000000)
Negative Ct found: Ct=-0.074061, a=-0.080937, adash=-0.003603 Calling function: WTInducedCalcs(0.000000, 0.000000, 8.000000, 3.141593, 12.500000, 0.254187, 1.000000, 3.000000)
S1 adash Limit Reached: a=-0.080937, adash=-0.003603 Calling function: WTInducedCalcs(0.000000, 0.000000, 8.000000, 3.141593, 12.500000, 0.254187, 1.000000, 3.000000)
S1 Loop Limit Reached: a=-0.080937, adash=0.000000 Calling function: WTInducedCalcs(0.000000, 0.000000, 8.000000, 3.141593, 12.500000, 0.254187, 1.000000, 3.000000)
Negative Ct found: Ct=-0.089870, a=-0.121184, adash=-0.004344 Calling function: WTInducedCalcs(0.000000, 0.000000, 8.000000, 3.141593, 13.500000, 0.257766, 1.000000, 3.000000)
S1 adash Limit Reached: a=-0.121184, adash=-0.004344 Calling function: WTInducedCalcs(0.000000, 0.000000, 8.000000, 3.141593, 13.500000, 0.257766, 1.000000, 3.000000)
S1 Loop Limit Reached: a=-0.121184, adash=0.000000 Calling function: WTInducedCalcs(0.000000, 0.000000, 8.000000, 3.141593, 13.500000, 0.257766, 1.000000, 3.000000)
Negative Ct found: Ct=-0.102060, a=-0.164108, adash=-0.004907 Calling function: WTInducedCalcs(0.000000, 0.000000, 8.000000, 3.141593, 14.500000, 0.261346, 1.000000, 3.000000)
S1 adash Limit Reached: a=-0.164108, adash=-0.004907 Calling function: WTInducedCalcs(0.000000, 0.000000, 8.000000, 3.141593, 14.500000, 0.261346, 1.000000, 3.000000)
S1 Loop Limit Reached: a=-0.164108, adash=0.000000 Calling function: WTInducedCalcs(0.000000, 0.000000, 8.000000, 3.141593, 14.500000, 0.261346, 1.000000, 3.000000)
Negative Ct found: Ct=-0.111858, a=-0.215034, adash=-0.005356 Calling function: WTInducedCalcs(0.000000, 0.000000, 8.000000, 3.141593, 15.500000, 0.264926, 1.000000, 3.000000)
S1 adash Limit Reached: a=-0.215034, adash=-0.005356 Calling function: WTInducedCalcs(0.000000, 0.000000, 8.000000, 3.141593, 15.500000, 0.264926, 1.000000, 3.000000)
S1 Loop Limit Reached: a=-0.215034, adash=0.000000 Calling function: WTInducedCalcs(0.000000, 0.000000, 8.000000, 3.141593, 15.500000, 0.264926, 1.000000, 3.000000)
Negative Ct found: Ct=-0.119135, a=-0.272549, adash=-0.005685 Calling function: WTInducedCalcs(0.000000, 0.000000, 8.000000, 3.141593, 16.500000, 0.268506, 1.000000, 3.000000)
S1 adash Limit Reached: a=-0.272549, adash=-0.005685 Calling function: WTInducedCalcs(0.000000, 0.000000, 8.000000, 3.141593, 16.500000, 0.268506, 1.000000, 3.000000)
S1 Loop Limit Reached: a=-0.272549, adash=0.000000 Calling function: WTInducedCalcs(0.000000, 0.000000, 8.000000, 3.141593, 16.500000, 0.268506, 1.000000, 3.000000)
Negative Ct found: Ct=-0.124378, a=-0.333502, adash=-0.005918 Calling function: WTInducedCalcs(0.000000, 0.000000, 8.000000, 3.141593, 17.500000, 0.272085, 1.000000, 3.000000)
S1 adash Limit Reached: a=-0.333502, adash=-0.005918 Calling function: WTInducedCalcs(0.000000, 0.000000, 8.000000, 3.141593, 17.500000, 0.272085, 1.000000, 3.000000)
S1 Loop Limit Reached: a=-0.333502, adash=0.000000 Calling function: WTInducedCalcs(0.000000, 0.000000, 8.000000, 3.141593, 17.500000, 0.272085, 1.000000, 3.000000)
Negative Ct found: Ct=-0.127666, a=-0.402158, adash=-0.006061 Calling function: WTInducedCalcs(0.000000, 0.000000, 8.000000, 3.141593, 18.500000, 0.275665, 1.000000, 3.000000)
S1 adash Limit Reached: a=-0.402158, adash=-0.006061 Calling function: WTInducedCalcs(0.000000, 0.000000, 8.000000, 3.141593, 18.500000, 0.275665, 1.000000, 3.000000)
S1 Loop Limit Reached: a=-0.402158, adash=0.000000 Calling function: WTInducedCalcs(0.000000, 0.000000, 8.000000, 3.141593, 18.500000, 0.275665, 1.000000, 3.000000)
Negative Ct found: Ct=-0.130396, a=-0.480077, adash=-0.006178 Calling function: WTInducedCalcs(0.000000, 0.000000, 8.000000, 3.141593, 19.500000, 0.279245, 1.000000, 3.000000)
S1 adash Limit Reached: a=-0.480077, adash=-0.006178 Calling function: WTInducedCalcs(0.000000, 0.000000, 8.000000, 3.141593, 19.500000, 0.279245, 1.000000, 3.000000)
S1 Loop Limit Reached: a=-0.480077, adash=0.000000 Calling function: WTInducedCalcs(0.000000, 0.000000, 8.000000, 3.141593, 19.500000, 0.279245, 1.000000, 3.000000)
Negative Ct found: Ct=-0.013006, a=-0.004237, adash=-0.000645 Calling function: WTInducedCalcs(0.000000, 0.000000, 8.000000, 3.141593, 10.500000, 0.247027, 1.000000, 3.000000)
S1 adash Limit Reached: a=-0.004237, adash=-0.000645 Calling function: WTInducedCalcs(0.000000, 0.000000, 8.000000, 3.141593, 10.500000, 0.247027, 1.000000, 3.000000)
S1 Loop Limit Reached: a=-0.004237, adash=0.000000 Calling function: WTInducedCalcs(0.000000, 0.000000, 8.000000, 3.141593, 10.500000, 0.247027, 1.000000, 3.000000)
Negative Ct found: Ct=-0.042971, a=-0.036106, adash=-0.002109 Calling function: WTInducedCalcs(0.000000, 0.000000, 8.000000, 3.141593, 11.500000, 0.250607, 1.000000, 3.000000)
S1 adash Limit Reached: a=-0.036106, adash=-0.002109 Calling function: WTInducedCalcs(0.000000, 0.000000, 8.000000, 3.141593, 11.500000, 0.250607, 1.000000, 3.000000)
S1 Loop Limit Reached: a=-0.036106, adash=0.000000 Calling function: WTInducedCalcs(0.000000, 0.000000, 8.000000, 3.141593, 11.500000, 0.250607, 1.000000, 3.000000)
Negative Ct found: Ct=-0.074061, a=-0.080937, adash=-0.003603 Calling function: WTInducedCalcs(0.000000, 0.000000, 8.000000, 3.141593, 12.500000, 0.254187, 1.000000, 3.000000)
S1 adash Limit Reached: a=-0.080937, adash=-0.003603 Calling function: WTInducedCalcs(0.000000, 0.000000, 8.000000, 3.141593, 12.500000, 0.254187, 1.000000, 3.000000)
S1 Loop Limit Reached: a=-0.080937, adash=0.000000 Calling function: WTInducedCalcs(0.000000, 0.000000, 8.000000, 3.141593, 12.500000, 0.254187, 1.000000, 3.000000)
Negative Ct found: Ct=-0.089870, a=-0.121184, adash=-0.004344 Calling function: WTInducedCalcs(0.000000, 0.000000, 8.000000, 3.141593, 13.500000, 0.257766, 1.000000, 3.000000)
S1 adash Limit Reached: a=-0.121184, adash=-0.004344 Calling function: WTInducedCalcs(0.000000, 0.000000, 8.000000, 3.141593, 13.500000, 0.257766, 1.000000, 3.000000)
S1 Loop Limit Reached: a=-0.121184, adash=0.000000 Calling function: WTInducedCalcs(0.000000, 0.000000, 8.000000, 3.141593, 13.500000, 0.257766, 1.000000, 3.000000)
Negative Ct found: Ct=-0.102060, a=-0.164108, adash=-0.004907 Calling function: WTInducedCalcs(0.000000, 0.000000, 8.000000, 3.141593, 14.500000, 0.261346, 1.000000, 3.000000)
S1 adash Limit Reached: a=-0.164108, adash=-0.004907 Calling function: WTInducedCalcs(0.000000, 0.000000, 8.000000, 3.141593, 14.500000, 0.261346, 1.000000, 3.000000)
S1 Loop Limit Reached: a=-0.164108, adash=0.000000 Calling function: WTInducedCalcs(0.000000, 0.000000, 8.000000, 3.141593, 14.500000, 0.261346, 1.000000, 3.000000)
Negative Ct found: Ct=-0.111858, a=-0.215034, adash=-0.005356 Calling function: WTInducedCalcs(0.000000, 0.000000, 8.000000, 3.141593, 15.500000, 0.264926, 1.000000, 3.000000)
S1 adash Limit Reached: a=-0.215034, adash=-0.005356 Calling function: WTInducedCalcs(0.000000, 0.000000, 8.000000, 3.141593, 15.500000, 0.264926, 1.000000, 3.000000)
S1 Loop Limit Reached: a=-0.215034, adash=0.000000 Calling function: WTInducedCalcs(0.000000, 0.000000, 8.000000, 3.141593, 15.500000, 0.264926, 1.000000, 3.000000)
Negative Ct found: Ct=-0.119135, a=-0.272549, adash=-0.005685 Calling function: WTInducedCalcs(0.000000, 0.000000, 8.000000, 3.141593, 16.500000, 0.268506, 1.000000, 3.000000)
S1 adash Limit Reached: a=-0.272549, adash=-0.005685 Calling function: WTInducedCalcs(0.000000, 0.000000, 8.000000, 3.141593, 16.500000, 0.268506, 1.000000, 3.000000)
S1 Loop Limit Reached: a=-0.272549, adash=0.000000 Calling function: WTInducedCalcs(0.000000, 0.000000, 8.000000, 3.141593, 16.500000, 0.268506, 1.000000, 3.000000)
Negative Ct found: Ct=-0.124378, a=-0.333502, adash=-0.005918 Calling function: WTInducedCalcs(0.000000, 0.000000, 8.000000, 3.141593, 17.500000, 0.272085, 1.000000, 3.000000)
S1 adash Limit Reached: a=-0.333502, adash=-0.005918 Calling function: WTInducedCalcs(0.000000, 0.000000, 8.000000, 3.141593, 17.500000, 0.272085, 1.000000, 3.000000)
S1 Loop Limit Reached: a=-0.333502, adash=0.000000 Calling function: WTInducedCalcs(0.000000, 0.000000, 8.000000, 3.141593, 17.500000, 0.272085, 1.000000, 3.000000)
Negative Ct found: Ct=-0.127666, a=-0.402158, adash=-0.006061 Calling function: WTInducedCalcs(0.000000, 0.000000, 8.000000, 3.141593, 18.500000, 0.275665, 1.000000, 3.000000)
